<?xml version="1.0" encoding="UTF-8"?>
<!-- Generated by org.testng.reporters.JUnitReportReporter -->
<testsuite hostname="asdf" failures="0" tests="3" name="com.second.Student" time="42.143" errors="0" timestamp="03 Sep 2024 14:02:52 GMT" skipped="0">
  <testcase classname="com.second.Student" name="login" time="11.100"/>
  <testcase classname="com.second.Student" name="login" time="11.110"/>
  <testcase classname="com.second.Student" name="login" time="19.933"/>
</testsuite> <!-- com.second.Student -->
