<?xml version="1.0" encoding="UTF-8"?>
<!-- Generated by org.testng.reporters.JUnitReportReporter -->
<testsuite hostname="asdf" failures="0" tests="6" name="com.test2.SoftAsserts" time="53.081" errors="0" timestamp="03 Sep 2024 13:26:20 GMT" skipped="0">
  <testcase classname="com.test2.SoftAsserts" name="addToCart" time="9.450"/>
  <testcase classname="com.test2.SoftAsserts" name="signUp" time="10.374"/>
  <testcase classname="com.test2.SoftAsserts" name="buyProduct" time="7.851"/>
  <testcase classname="com.test2.SoftAsserts" name="signOut" time="7.255"/>
  <testcase classname="com.test2.SoftAsserts" name="login" time="9.223"/>
  <testcase classname="com.test2.SoftAsserts" name="searchProduct" time="8.928"/>
</testsuite> <!-- com.test2.SoftAsserts -->
