<?xml version="1.0" encoding="UTF-8"?>
<!-- Generated by org.testng.reporters.JUnitReportReporter -->
<testsuite hostname="asdf" failures="0" tests="1" name="com.first.Student" time="13.117" errors="0" timestamp="02 Sep 2024 15:38:12 GMT" skipped="0">
  <testcase classname="com.first.Student" name="launch" time="13.117"/>
</testsuite> <!-- com.first.Student -->
