<?xml version="1.0" encoding="UTF-8"?>
<!-- Generated by org.testng.reporters.JUnitReportReporter -->
<testsuite hostname="asdf" failures="0" tests="3" name="com.test2.Group2" time="46.647" errors="0" timestamp="03 Sep 2024 17:06:44 GMT" skipped="0">
  <testcase classname="com.test2.Group2" name="myntra" time="10.612"/>
  <testcase classname="com.test2.Group2" name="ajio" time="19.433"/>
  <testcase classname="com.test2.Group2" name="flipkart" time="16.602"/>
</testsuite> <!-- com.test2.Group2 -->
