<?xml version="1.0" encoding="UTF-8"?>
<!-- Generated by org.testng.reporters.JUnitReportReporter -->
<testsuite hostname="asdf" failures="0" tests="3" name="com.test.NewTest3" time="0.023" errors="0" timestamp="02 Sep 2024 15:34:53 GMT" skipped="1">
  <testcase classname="com.test.NewTest3" name="tc23" time="0.020"/>
  <testcase classname="com.test.NewTest3" name="tc22" time="0.003"/>
  <testcase classname="com.test.NewTest3" name="tc20">
    <skipped/>
  </testcase> <!-- tc20 -->
</testsuite> <!-- com.test.NewTest3 -->
