<?xml version="1.0" encoding="UTF-8"?>
<!-- Generated by org.testng.reporters.JUnitReportReporter -->
<testsuite hostname="asdf" failures="0" tests="3" name="com.test.NewTest" time="0.014" errors="0" timestamp="02 Sep 2024 15:31:12 GMT" skipped="2">
  <testcase classname="com.test.NewTest" name="tc3" time="0.014"/>
  <testcase classname="com.test.NewTest" name="tc1">
    <skipped/>
  </testcase> <!-- tc1 -->
  <testcase classname="com.test.NewTest" name="tc5">
    <skipped/>
  </testcase> <!-- tc5 -->
</testsuite> <!-- com.test.NewTest -->
