<?xml version="1.0" encoding="UTF-8"?>
<!-- Generated by org.testng.reporters.JUnitReportReporter -->
<testsuite hostname="asdf" failures="0" tests="3" name="com.test.NewTest2" time="0.017" errors="0" timestamp="02 Sep 2024 15:34:53 GMT" skipped="1">
  <testcase classname="com.test.NewTest2" name="tc31" time="0.007"/>
  <testcase classname="com.test.NewTest2" name="tc21" time="0.010"/>
  <testcase classname="com.test.NewTest2" name="tc11">
    <skipped/>
  </testcase> <!-- tc11 -->
</testsuite> <!-- com.test.NewTest2 -->
